[Run 1] Running script, saving output to run_1...
Traceback (most recent call last):
  File "run_qrng.py", line 82, in <module>
    result = run_script()
  File "run_qrng.py", line 30, in run_script
    check=True
  File "/usr/lib/python3.6/subprocess.py", line 423, in run
    with Popen(*popenargs, **kwargs) as process:
TypeError: __init__() got an unexpected keyword argument 'capture_output'
[Run 1] Running script, saving output to run_1...
Traceback (most recent call last):
  File "run_qrng.py", line 82, in <module>
    result = run_script()
  File "run_qrng.py", line 30, in run_script
    check=True
  File "/usr/lib/python3.6/subprocess.py", line 423, in run
    with Popen(*popenargs, **kwargs) as process:
TypeError: __init__() got an unexpected keyword argument 'capture_output'
[Run 1] Running script, saving output to run_1...
[Run 1] Success - Waiting 30 minutes before next run...

[Run 2] Running script, saving output to run_2...
[Run 2] Success - Waiting 30 minutes before next run...

[Run 3] Running script, saving output to run_3...
[Run 3] Success - Waiting 30 minutes before next run...

[Run 4] Running script, saving output to run_4...
[Run 4] Success - Waiting 30 minutes before next run...

[Run 5] Running script, saving output to run_5...
[Run 5] Success - Waiting 30 minutes before next run...

[Run 6] Running script, saving output to run_6...
[Run 6] Success - Waiting 30 minutes before next run...

[Run 7] Running script, saving output to run_7...
[Run 7] Success - Waiting 30 minutes before next run...

[Run 8] Running script, saving output to run_8...
[Run 8] Success - Waiting 30 minutes before next run...

[Run 9] Running script, saving output to run_9...
[Run 9] Success - Waiting 30 minutes before next run...

[Run 10] Running script, saving output to run_10...
[Run 10] Success - Waiting 30 minutes before next run...

[Run 11] Running script, saving output to run_11...
[Run 11] Success - Waiting 30 minutes before next run...

[Run 12] Running script, saving output to run_12...
[Run 12] Success - Waiting 30 minutes before next run...

[Run 13] Running script, saving output to run_13...
[Run 13] Success - Waiting 30 minutes before next run...

[Run 14] Running script, saving output to run_14...
[Run 14] Success - Waiting 30 minutes before next run...

[Run 15] Running script, saving output to run_15...
[Run 15] Success - Waiting 30 minutes before next run...

[Run 16] Running script, saving output to run_16...
[Run 16] Success - Waiting 30 minutes before next run...

[Run 17] Running script, saving output to run_17...
[Run 17] Success - Waiting 30 minutes before next run...

[Run 18] Running script, saving output to run_18...
[Run 18] Success - Waiting 30 minutes before next run...

[Run 19] Running script, saving output to run_19...
[Run 19] Success - Waiting 30 minutes before next run...

[Run 20] Running script, saving output to run_20...
[Run 20] Success - Waiting 30 minutes before next run...

[Run 21] Running script, saving output to run_21...
[Run 21] Success - Waiting 30 minutes before next run...

[Run 22] Running script, saving output to run_22...
[Run 22] Success - Waiting 30 minutes before next run...

[Run 23] Running script, saving output to run_23...
[Run 23] Success - Waiting 30 minutes before next run...

[Run 24] Running script, saving output to run_24...
[Run 24] Success - Waiting 30 minutes before next run...

[Run 25] Running script, saving output to run_25...
[Run 25] Success - Waiting 30 minutes before next run...

[Run 26] Running script, saving output to run_26...
[Run 26] Success - Waiting 30 minutes before next run...

[Run 27] Running script, saving output to run_27...
[Run 27] Success - Waiting 30 minutes before next run...

[Run 28] Running script, saving output to run_28...
[Run 28] Success - Waiting 30 minutes before next run...

[Run 29] Running script, saving output to run_29...
[Run 29] Success - Waiting 30 minutes before next run...

[Run 30] Running script, saving output to run_30...
[Run 30] Success - Waiting 30 minutes before next run...

[Run 31] Running script, saving output to run_31...
[Run 31] Success - Waiting 30 minutes before next run...

[Run 32] Running script, saving output to run_32...
[Run 32] Success - Waiting 30 minutes before next run...

[Run 33] Running script, saving output to run_33...
[Run 33] Success - Waiting 30 minutes before next run...

[Run 34] Running script, saving output to run_34...
[Run 34] Success - Waiting 30 minutes before next run...

[Run 35] Running script, saving output to run_35...
[Run 35] Success - Waiting 30 minutes before next run...

[Run 36] Running script, saving output to run_36...
[Run 36] Success - Waiting 30 minutes before next run...

[Run 37] Running script, saving output to run_37...
[Run 37] Success - Waiting 30 minutes before next run...

[Run 38] Running script, saving output to run_38...
[Run 38] Success - Waiting 30 minutes before next run...

[Run 39] Running script, saving output to run_39...
[Run 39] Success - Waiting 30 minutes before next run...

[Run 40] Running script, saving output to run_40...
[Run 40] Success - Waiting 30 minutes before next run...

[Run 41] Running script, saving output to run_41...
[Run 41] Success - Waiting 30 minutes before next run...

[Run 42] Running script, saving output to run_42...
[Run 42] Success - Waiting 30 minutes before next run...

[Run 43] Running script, saving output to run_43...
[Run 43] Success - Waiting 30 minutes before next run...

[Run 44] Running script, saving output to run_44...
[Run 44] Success - Waiting 30 minutes before next run...

[Run 45] Running script, saving output to run_45...
[Run 45] Success - Waiting 30 minutes before next run...

[Run 46] Running script, saving output to run_46...
[Run 46] Success - Waiting 30 minutes before next run...

[Run 47] Running script, saving output to run_47...
[Run 47] Success - Waiting 30 minutes before next run...

[Run 48] Running script, saving output to run_48...
[Run 48] Success - Waiting 30 minutes before next run...

[Run 49] Running script, saving output to run_49...
[Run 49] Success - Waiting 30 minutes before next run...

[Run 50] Running script, saving output to run_50...
[Run 50] Success - Waiting 30 minutes before next run...

[Run 51] Running script, saving output to run_51...
[Run 51] Success - Waiting 30 minutes before next run...

[Run 52] Running script, saving output to run_52...
[Run 52] Success - Waiting 30 minutes before next run...

[Run 53] Running script, saving output to run_53...
[Run 53] Success - Waiting 30 minutes before next run...

Traceback (most recent call last):
  File "run_qrng.py", line 89, in <module>
    time.sleep(delay_seconds)
KeyboardInterrupt
[Run 2] Running script, saving output to run_2...
[Run 2] Success - Waiting 30 minutes before next run...

[Run 3] Running script, saving output to run_3...
[Run 3] Success - Waiting 30 minutes before next run...

[Run 4] Running script, saving output to run_4...
[Run 4] Success - Waiting 30 minutes before next run...

[Run 5] Running script, saving output to run_5...
[Run 5] Success - Waiting 30 minutes before next run...

[Run 6] Running script, saving output to run_6...
[Run 6] Success - Waiting 30 minutes before next run...

[Run 7] Running script, saving output to run_7...
[Run 7] Success - Waiting 30 minutes before next run...

Traceback (most recent call last):
  File "run_qrng.py", line 89, in <module>
    time.sleep(delay_seconds)
KeyboardInterrupt
[Run 1] Running QRNG script...
[Run 1] Success - Saving output...
[Run 1] Waiting 30 minutes before next run...

Traceback (most recent call last):
  File "run_qrng.py", line 169, in <module>
    time.sleep(delay_seconds)
KeyboardInterrupt
[Run 1] Running script, saving output to run_1...
[Run 1] Success - Waiting 30 minutes before next run...

Traceback (most recent call last):
  File "run_qrng.py", line 89, in <module>
    time.sleep(delay_seconds)
KeyboardInterrupt
[Run 30] Running script, saving output to run_30...
[Run 30] Success - Waiting 30 minutes before next run...

Traceback (most recent call last):
  File "run_qrng.py", line 89, in <module>
    time.sleep(delay_seconds)
KeyboardInterrupt
[Run 8] Running script, saving output to run_8...
[Run 8] Success - Waiting 30 minutes before next run...

[Run 9] Running script, saving output to run_9...
[Run 9] Success - Waiting 30 minutes before next run...

[Run 10] Running script, saving output to run_10...
[Run 10] Success - Waiting 30 minutes before next run...

[Run 11] Running script, saving output to run_11...
[Run 11] Success - Waiting 30 minutes before next run...

[Run 12] Running script, saving output to run_12...
[Run 12] Success - Waiting 30 minutes before next run...

[Run 13] Running script, saving output to run_13...
[Run 13] Success - Waiting 30 minutes before next run...

[Run 14] Running script, saving output to run_14...
[Run 14] Success - Waiting 30 minutes before next run...

[Run 15] Running script, saving output to run_15...
[Run 15] Success - Waiting 30 minutes before next run...

[Run 16] Running script, saving output to run_16...
[Run 16] Success - Waiting 30 minutes before next run...

[Run 17] Running script, saving output to run_17...
[Run 17] Success - Waiting 30 minutes before next run...

[Run 18] Running script, saving output to run_18...
[Run 18] Success - Waiting 30 minutes before next run...

[Run 19] Running script, saving output to run_19...
[Run 19] Success - Waiting 30 minutes before next run...

[Run 20] Running script, saving output to run_20...
[Run 20] Success - Waiting 30 minutes before next run...

[Run 21] Running script, saving output to run_21...
[Run 21] Success - Waiting 30 minutes before next run...

[Run 22] Running script, saving output to run_22...
[Run 22] Success - Waiting 30 minutes before next run...

[Run 23] Running script, saving output to run_23...
[Run 23] Success - Waiting 30 minutes before next run...

[Run 24] Running script, saving output to run_24...
[Run 24] Success - Waiting 30 minutes before next run...

[Run 25] Running script, saving output to run_25...
[Run 25] Success - Waiting 30 minutes before next run...

[Run 26] Running script, saving output to run_26...
[Run 26] Success - Waiting 30 minutes before next run...

[Run 27] Running script, saving output to run_27...
[Run 27] Success - Waiting 30 minutes before next run...

[Run 28] Running script, saving output to run_28...
[Run 28] Success - Waiting 30 minutes before next run...

[Run 29] Running script, saving output to run_29...
[Run 29] Success - Waiting 30 minutes before next run...

[Run 30] Running script, saving output to run_30...
Traceback (most recent call last):
  File "run_qrng.py", line 84, in <module>
    save_run(result, run_folder)
  File "run_qrng.py", line 53, in save_run
    os.makedirs(run_folder)
  File "/usr/lib/python3.6/os.py", line 220, in makedirs
    mkdir(name, mode)
FileExistsError: [Errno 17] File exists: 'run_30'
